{"id":1,"jsonrpc":"2.0","result":[{"connectedBy":"dongle","dongle":"6ff","firmware":"625","id":"EPOCPLUS-3B9ADF08","label":"","sensors":["AF3","F7","F3","FC5","T7","P7","O1","O2","P8","T8","FC6","F4","F8","AF4"],"settings":{"eegRate":128,"eegRes":16,"memsRate":64,"memsRes":16,"mode":"EPOCPLUS"},"status":"connected"}],"level":"info","message":"","timestamp":"09:14:49"}
{"id":1,"jsonrpc":"2.0","result":"User tpv logout successfully","level":"info","message":"","timestamp":"09:14:49"}
{"id":1,"jsonrpc":"2.0","result":"User tpv login successfully","level":"info","message":"","timestamp":"09:15:02"}
{"level":"info","message":"license info","timestamp":"09:15:02"}
{"id":1,"jsonrpc":"2.0","result":{"_auth":"eyJhbGciOiJIUzI1NiIsInR5cCI6IkpXVCJ9.eyJhcHBJZCI6ImNvbS50cHYucHJpbWUiLCJleHAiOjE1MzI1NzEzMDIsImZpcnN0TmFtZSI6InRhbiIsImxhc3ROYW1lIjoicGhhbSIsImxpY2Vuc2VJZCI6IjE4ZGQ5ZTQyLWViNjMtNGU3My05YjI4LTE1ZGU1ODY3NjMzNCIsImxpY2Vuc2VTY29wZSI6NCwibGljZW5zZV9hZ3JlZW1lbnQiOnsiYWNjZXB0ZWQiOnRydWUsImxpY2Vuc2VfdXJsIjoiaHR0cHM6Ly93d3cuZW1vdGl2Y2xvdWQuY29tL2RiYXBpL3ByaXZhY3kvZG9jL2V1bGEvIn0sImxpY2Vuc2VfZXhwaXJlIjoxNTQ4OTUzOTk5LCJsaWNlbnNlX2hhcmRMaW1pdCI6MTUzNTUwMDc5OSwibGljZW5zZV9zb2Z0TGltaXQiOjE1MzQ4OTU5OTksIm5iZiI6MTUzMjMxMjEwMiwidXNlckNsb3VkSWQiOjExNDM5LCJ1c2VybmFtZSI6InRwdiJ9.CozhCK76cC095WHmnBKlVtU6Z2OJCW3M47jNLqmdJL0"},"level":"info","message":"","timestamp":"09:15:02"}
{"level":"info","message":"create session","timestamp":"09:15:02"}
{"id":1,"jsonrpc":"2.0","result":{"_auth":"eyJhbGciOiJIUzI1NiIsInR5cCI6IkpXVCJ9.eyJhcHBJZCI6ImNvbS50cHYucHJpbWUiLCJleHAiOjE1MzI1NzEzMDIsImZpcnN0TmFtZSI6InRhbiIsImxhc3ROYW1lIjoicGhhbSIsImxpY2Vuc2VJZCI6IjE4ZGQ5ZTQyLWViNjMtNGU3My05YjI4LTE1ZGU1ODY3NjMzNCIsImxpY2Vuc2VTY29wZSI6NCwibGljZW5zZV9hZ3JlZW1lbnQiOnsiYWNjZXB0ZWQiOnRydWUsImxpY2Vuc2VfdXJsIjoiaHR0cHM6Ly93d3cuZW1vdGl2Y2xvdWQuY29tL2RiYXBpL3ByaXZhY3kvZG9jL2V1bGEvIn0sImxpY2Vuc2VfZXhwaXJlIjoxNTQ4OTUzOTk5LCJsaWNlbnNlX2hhcmRMaW1pdCI6MTUzNTUwMDc5OSwibGljZW5zZV9zb2Z0TGltaXQiOjE1MzQ4OTU5OTksIm5iZiI6MTUzMjMxMjEwMiwidXNlckNsb3VkSWQiOjExNDM5LCJ1c2VybmFtZSI6InRwdiJ9.CozhCK76cC095WHmnBKlVtU6Z2OJCW3M47jNLqmdJL0"},"level":"info","message":"","timestamp":"09:15:02"}
{"level":"info","message":"start sub","timestamp":"09:15:02"}
{"id":1,"jsonrpc":"2.0","result":{"_auth":"eyJhbGciOiJIUzI1NiIsInR5cCI6IkpXVCJ9.eyJhcHBJZCI6ImNvbS50cHYucHJpbWUiLCJleHAiOjE1MzI1NzEzMDIsImZpcnN0TmFtZSI6InRhbiIsImxhc3ROYW1lIjoicGhhbSIsImxpY2Vuc2VJZCI6IjE4ZGQ5ZTQyLWViNjMtNGU3My05YjI4LTE1ZGU1ODY3NjMzNCIsImxpY2Vuc2VTY29wZSI6NCwibGljZW5zZV9hZ3JlZW1lbnQiOnsiYWNjZXB0ZWQiOnRydWUsImxpY2Vuc2VfdXJsIjoiaHR0cHM6Ly93d3cuZW1vdGl2Y2xvdWQuY29tL2RiYXBpL3ByaXZhY3kvZG9jL2V1bGEvIn0sImxpY2Vuc2VfZXhwaXJlIjoxNTQ4OTUzOTk5LCJsaWNlbnNlX2hhcmRMaW1pdCI6MTUzNTUwMDc5OSwibGljZW5zZV9zb2Z0TGltaXQiOjE1MzQ4OTU5OTksIm5iZiI6MTUzMjMxMjEwMiwidXNlckNsb3VkSWQiOjExNDM5LCJ1c2VybmFtZSI6InRwdiJ9.CozhCK76cC095WHmnBKlVtU6Z2OJCW3M47jNLqmdJL0"},"level":"info","message":"","timestamp":"09:15:02"}
{"id":1,"jsonrpc":"2.0","result":{"_auth":"eyJhbGciOiJIUzI1NiIsInR5cCI6IkpXVCJ9.eyJhcHBJZCI6ImNvbS50cHYucHJpbWUiLCJleHAiOjE1MzI1NzEzMDIsImZpcnN0TmFtZSI6InRhbiIsImxhc3ROYW1lIjoicGhhbSIsImxpY2Vuc2VJZCI6IjE4ZGQ5ZTQyLWViNjMtNGU3My05YjI4LTE1ZGU1ODY3NjMzNCIsImxpY2Vuc2VTY29wZSI6NCwibGljZW5zZV9hZ3JlZW1lbnQiOnsiYWNjZXB0ZWQiOnRydWUsImxpY2Vuc2VfdXJsIjoiaHR0cHM6Ly93d3cuZW1vdGl2Y2xvdWQuY29tL2RiYXBpL3ByaXZhY3kvZG9jL2V1bGEvIn0sImxpY2Vuc2VfZXhwaXJlIjoxNTQ4OTUzOTk5LCJsaWNlbnNlX2hhcmRMaW1pdCI6MTUzNTUwMDc5OSwibGljZW5zZV9zb2Z0TGltaXQiOjE1MzQ4OTU5OTksIm5iZiI6MTUzMjMxMjEwMiwidXNlckNsb3VkSWQiOjExNDM5LCJ1c2VybmFtZSI6InRwdiJ9.CozhCK76cC095WHmnBKlVtU6Z2OJCW3M47jNLqmdJL0"},"level":"info","message":"","timestamp":"09:15:02"}
{"error":{"code":-32601,"message":"The method does not exist / is not available."},"id":1,"jsonrpc":"2.0","level":"info","message":"","timestamp":"09:15:02"}
{"id":1,"jsonrpc":"2.0","result":{"appId":"com.tpv.prime","headset":{"connectedBy":"dongle","dongle":"6ff","firmware":"625","id":"EPOCPLUS-3B9ADF08","label":"","sensors":["AF3","F7","F3","FC5","T7","P7","O1","O2","P8","T8","FC6","F4","F8","AF4"],"settings":{"eegRate":128,"eegRes":16,"memsRate":64,"memsRes":16,"mode":"EPOCPLUS"},"status":"connected"},"id":"36224858-7f2a-4da5-b8a6-539d894816bc","license":"18dd9e42-eb63-4e73-9b28-15de58676334","logs":{"recordInfos":[]},"markers":[],"owner":"tpv","profile":"","project":"","recording":false,"started":"2018-07-24T09:15:02.711708+07:00","status":"activated","stopped":"","streams":null,"subject":0,"tags":[],"title":""},"level":"info","message":"","timestamp":"09:15:02"}
{"id":1,"jsonrpc":"2.0","result":[{"met":{"cols":["int","str","rel","exc","eng","lex","foc"]},"sid":"36224858-7f2a-4da5-b8a6-539d894816bc"}],"level":"info","message":"","timestamp":"09:15:02"}
{"met":[0.651354849338531,1.13999185525487e-12,0.302940726280212,0,0.560504496097565,0,0.298657476902008],"sid":"36224858-7f2a-4da5-b8a6-539d894816bc","time":1720.30932617188,"level":"info","message":"","timestamp":"09:15:03"}
{"met":[0.651354849338531,1.13999185525487e-12,0.302940726280212,0,0.560504496097565,0,0.298657476902008],"sid":"36224858-7f2a-4da5-b8a6-539d894816bc","time":1720.81372070313,"level":"info","message":"","timestamp":"09:15:03"}
{"met":[0.651354849338531,1.13999185525487e-12,0.302940726280212,0,0.560504496097565,0,0.298657476902008],"sid":"36224858-7f2a-4da5-b8a6-539d894816bc","time":1721.31811523438,"level":"info","message":"","timestamp":"09:15:04"}
{"met":[0.651354849338531,1.13999185525487e-12,0.302940726280212,0,0.560504496097565,0,0.298657476902008],"sid":"36224858-7f2a-4da5-b8a6-539d894816bc","time":1721.69641113281,"level":"info","message":"","timestamp":"09:15:04"}
{"met":[0.651354849338531,1.13999185525487e-12,0.302940726280212,0,0.560504496097565,0,0.298657476902008],"sid":"36224858-7f2a-4da5-b8a6-539d894816bc","time":1722.20068359375,"level":"info","message":"","timestamp":"09:15:05"}
{"met":[0.651354849338531,1.13999185525487e-12,0.302940726280212,0,0.560504496097565,0,0.298657476902008],"sid":"36224858-7f2a-4da5-b8a6-539d894816bc","time":1722.705078125,"level":"info","message":"","timestamp":"09:15:05"}
{"met":[0.651354849338531,1.13999185525487e-12,0.302940726280212,0,0.560504496097565,0,0.298657476902008],"sid":"36224858-7f2a-4da5-b8a6-539d894816bc","time":1723.20935058594,"level":"info","message":"","timestamp":"09:15:06"}
{"met":[0.651354849338531,1.13999185525487e-12,0.302940726280212,0,0.560504496097565,0,0.298657476902008],"sid":"36224858-7f2a-4da5-b8a6-539d894816bc","time":1723.71374511719,"level":"info","message":"","timestamp":"09:15:06"}
{"met":[0.651354849338531,1.13999185525487e-12,0.302940726280212,0,0.560504496097565,0,0.298657476902008],"sid":"36224858-7f2a-4da5-b8a6-539d894816bc","time":1724.21801757813,"level":"info","message":"","timestamp":"09:15:07"}
{"met":[0.651354849338531,1.13999185525487e-12,0.302940726280212,0,0.560504496097565,0,0.298657476902008],"sid":"36224858-7f2a-4da5-b8a6-539d894816bc","time":1724.72241210938,"level":"info","message":"","timestamp":"09:15:07"}
{"met":[0.651354849338531,1.13999185525487e-12,0.302940726280212,0,0.560504496097565,0,0.298657476902008],"sid":"36224858-7f2a-4da5-b8a6-539d894816bc","time":1725.22668457031,"level":"info","message":"","timestamp":"09:15:08"}
{"met":[0.651354849338531,1.13999185525487e-12,0.302940726280212,0,0.560504496097565,0,0.298657476902008],"sid":"36224858-7f2a-4da5-b8a6-539d894816bc","time":1725.73107910156,"level":"info","message":"","timestamp":"09:15:08"}
{"met":[0.651354849338531,1.13999185525487e-12,0.302940726280212,0,0.560504496097565,0,0.298657476902008],"sid":"36224858-7f2a-4da5-b8a6-539d894816bc","time":1726.2353515625,"level":"info","message":"","timestamp":"09:15:09"}
{"met":[0.651354849338531,1.13999185525487e-12,0.302940726280212,0,0.560504496097565,0,0.298657476902008],"sid":"36224858-7f2a-4da5-b8a6-539d894816bc","time":1726.73974609375,"level":"info","message":"","timestamp":"09:15:09"}
{"met":[0.651354849338531,1.13999185525487e-12,0.302940726280212,0,0.560504496097565,0,0.298657476902008],"sid":"36224858-7f2a-4da5-b8a6-539d894816bc","time":1727.24401855469,"level":"info","message":"","timestamp":"09:15:10"}
{"met":[0.651354849338531,1.13999185525487e-12,0.302940726280212,0,0.560504496097565,0,0.298657476902008],"sid":"36224858-7f2a-4da5-b8a6-539d894816bc","time":1727.74841308594,"level":"info","message":"","timestamp":"09:15:10"}
{"met":[0.651354849338531,1.13999185525487e-12,0.302940726280212,0,0.560504496097565,0,0.298657476902008],"sid":"36224858-7f2a-4da5-b8a6-539d894816bc","time":1728.25268554688,"level":"info","message":"","timestamp":"09:15:11"}
{"met":[0.651354849338531,1.13999185525487e-12,0.302940726280212,0,0.560504496097565,0,0.298657476902008],"sid":"36224858-7f2a-4da5-b8a6-539d894816bc","time":1728.75708007813,"level":"info","message":"","timestamp":"09:15:11"}
{"met":[0.651354849338531,1.13999185525487e-12,0.302940726280212,0,0.560504496097565,0,0.298657476902008],"sid":"36224858-7f2a-4da5-b8a6-539d894816bc","time":1729.26147460938,"level":"info","message":"","timestamp":"09:15:12"}
{"met":[0.651354849338531,1.13999185525487e-12,0.302940726280212,0,0.560504496097565,0,0.298657476902008],"sid":"36224858-7f2a-4da5-b8a6-539d894816bc","time":1729.76586914063,"level":"info","message":"","timestamp":"09:15:12"}
{"met":[0.651354849338531,1.13999185525487e-12,0.302940726280212,0,0.560504496097565,0,0.298657476902008],"sid":"36224858-7f2a-4da5-b8a6-539d894816bc","time":1730.27014160156,"level":"info","message":"","timestamp":"09:15:13"}
{"met":[0.651354849338531,1.13999185525487e-12,0.302940726280212,0,0.560504496097565,0,0.298657476902008],"sid":"36224858-7f2a-4da5-b8a6-539d894816bc","time":1730.7744140625,"level":"info","message":"","timestamp":"09:15:13"}
{"met":[0.651354849338531,1.13999185525487e-12,0.302940726280212,0,0.560504496097565,0,0.298657476902008],"sid":"36224858-7f2a-4da5-b8a6-539d894816bc","time":1731.27880859375,"level":"info","message":"","timestamp":"09:15:14"}
{"met":[0.651354849338531,1.13999185525487e-12,0.302940726280212,0,0.560504496097565,0,0.298657476902008],"sid":"36224858-7f2a-4da5-b8a6-539d894816bc","time":1731.783203125,"level":"info","message":"","timestamp":"09:15:14"}
{"met":[0.651354849338531,1.13999185525487e-12,0.302940726280212,0,0.560504496097565,0,0.298657476902008],"sid":"36224858-7f2a-4da5-b8a6-539d894816bc","time":1732.28747558594,"level":"info","message":"","timestamp":"09:15:15"}
{"met":[0.651354849338531,1.13999185525487e-12,0.302940726280212,0,0.560504496097565,0,0.298657476902008],"sid":"36224858-7f2a-4da5-b8a6-539d894816bc","time":1732.79187011719,"level":"info","message":"","timestamp":"09:15:15"}
{"met":[0.651354849338531,1.13999185525487e-12,0.302940726280212,0,0.560504496097565,0,0.298657476902008],"sid":"36224858-7f2a-4da5-b8a6-539d894816bc","time":1733.29614257813,"level":"info","message":"","timestamp":"09:15:16"}
{"met":[0.651354849338531,1.13999185525487e-12,0.302940726280212,0,0.560504496097565,0,0.298657476902008],"sid":"36224858-7f2a-4da5-b8a6-539d894816bc","time":1733.80041503906,"level":"info","message":"","timestamp":"09:15:16"}
{"met":[0.651354849338531,1.13999185525487e-12,0.302940726280212,0,0.560504496097565,0,0.298657476902008],"sid":"36224858-7f2a-4da5-b8a6-539d894816bc","time":1734.30480957031,"level":"info","message":"","timestamp":"09:15:17"}
{"met":[0.651354849338531,1.13999185525487e-12,0.302940726280212,0,0.560504496097565,0,0.298657476902008],"sid":"36224858-7f2a-4da5-b8a6-539d894816bc","time":1734.80920410156,"level":"info","message":"","timestamp":"09:15:17"}
{"met":[0.651354849338531,1.13999185525487e-12,0.302940726280212,0,0.560504496097565,0,0.298657476902008],"sid":"36224858-7f2a-4da5-b8a6-539d894816bc","time":1735.3134765625,"level":"info","message":"","timestamp":"09:15:18"}
{"met":[0.651354849338531,1.13999185525487e-12,0.302940726280212,0,0.560504496097565,0,0.298657476902008],"sid":"36224858-7f2a-4da5-b8a6-539d894816bc","time":1735.81787109375,"level":"info","message":"","timestamp":"09:15:18"}
{"met":[0.651354849338531,1.13999185525487e-12,0.302940726280212,0,0.560504496097565,0,0.298657476902008],"sid":"36224858-7f2a-4da5-b8a6-539d894816bc","time":1736.19616699219,"level":"info","message":"","timestamp":"09:15:19"}
{"met":[0.651354849338531,1.13999185525487e-12,0.302940726280212,0,0.560504496097565,0,0.298657476902008],"sid":"36224858-7f2a-4da5-b8a6-539d894816bc","time":1736.70056152344,"level":"info","message":"","timestamp":"09:15:19"}
{"met":[0.651354849338531,1.13999185525487e-12,0.302940726280212,0,0.560504496097565,0,0.298657476902008],"sid":"36224858-7f2a-4da5-b8a6-539d894816bc","time":1737.20471191406,"level":"info","message":"","timestamp":"09:15:20"}
{"met":[0.651354849338531,1.13999185525487e-12,0.302940726280212,0,0.560504496097565,0,0.298657476902008],"sid":"36224858-7f2a-4da5-b8a6-539d894816bc","time":1737.70910644531,"level":"info","message":"","timestamp":"09:15:20"}
{"met":[0.651354849338531,1.13999185525487e-12,0.302940726280212,0,0.560504496097565,0,0.298657476902008],"sid":"36224858-7f2a-4da5-b8a6-539d894816bc","time":1738.21350097656,"level":"info","message":"","timestamp":"09:15:21"}
{"met":[0.651354849338531,1.13999185525487e-12,0.302940726280212,0,0.560504496097565,0,0.298657476902008],"sid":"36224858-7f2a-4da5-b8a6-539d894816bc","time":1738.71789550781,"level":"info","message":"","timestamp":"09:15:21"}
{"met":[0.651354849338531,1.13999185525487e-12,0.302940726280212,0,0.560504496097565,0,0.298657476902008],"sid":"36224858-7f2a-4da5-b8a6-539d894816bc","time":1739.22204589844,"level":"info","message":"","timestamp":"09:15:22"}
{"met":[0.651354849338531,1.13999185525487e-12,0.302940726280212,0,0.560504496097565,0,0.298657476902008],"sid":"36224858-7f2a-4da5-b8a6-539d894816bc","time":1739.72644042969,"level":"info","message":"","timestamp":"09:15:22"}
{"met":[0.651354849338531,1.13999185525487e-12,0.302940726280212,0,0.560504496097565,0,0.298657476902008],"sid":"36224858-7f2a-4da5-b8a6-539d894816bc","time":1740.23083496094,"level":"info","message":"","timestamp":"09:15:23"}
{"met":[0.651354849338531,1.13999185525487e-12,0.302940726280212,0,0.560504496097565,0,0.298657476902008],"sid":"36224858-7f2a-4da5-b8a6-539d894816bc","time":1740.73510742188,"level":"info","message":"","timestamp":"09:15:23"}
{"met":[0.651354849338531,1.13999185525487e-12,0.302940726280212,0,0.560504496097565,0,0.298657476902008],"sid":"36224858-7f2a-4da5-b8a6-539d894816bc","time":1741.23937988281,"level":"info","message":"","timestamp":"09:15:24"}
{"met":[0.651354849338531,1.13999185525487e-12,0.302940726280212,0,0.560504496097565,0,0.298657476902008],"sid":"36224858-7f2a-4da5-b8a6-539d894816bc","time":1741.74377441406,"level":"info","message":"","timestamp":"09:15:24"}
{"met":[0.651354849338531,1.13999185525487e-12,0.302940726280212,0,0.560504496097565,0,0.298657476902008],"sid":"36224858-7f2a-4da5-b8a6-539d894816bc","time":1742.248046875,"level":"info","message":"","timestamp":"09:15:25"}
{"met":[0.651354849338531,1.13999185525487e-12,0.302940726280212,0,0.560504496097565,0,0.298657476902008],"sid":"36224858-7f2a-4da5-b8a6-539d894816bc","time":1742.75244140625,"level":"info","message":"","timestamp":"09:15:25"}
{"met":[0.651354849338531,1.13999185525487e-12,0.302940726280212,0,0.560504496097565,0,0.298657476902008],"sid":"36224858-7f2a-4da5-b8a6-539d894816bc","time":1743.2568359375,"level":"info","message":"","timestamp":"09:15:26"}
{"met":[0.651354849338531,1.13999185525487e-12,0.302940726280212,0,0.560504496097565,0,0.298657476902008],"sid":"36224858-7f2a-4da5-b8a6-539d894816bc","time":1743.76123046875,"level":"info","message":"","timestamp":"09:15:26"}
{"met":[0.651354849338531,1.13999185525487e-12,0.302940726280212,0,0.560504496097565,0,0.298657476902008],"sid":"36224858-7f2a-4da5-b8a6-539d894816bc","time":1744.26550292969,"level":"info","message":"","timestamp":"09:15:27"}
{"met":[0.651354849338531,1.13999185525487e-12,0.302940726280212,0,0.560504496097565,0,0.298657476902008],"sid":"36224858-7f2a-4da5-b8a6-539d894816bc","time":1744.76989746094,"level":"info","message":"","timestamp":"09:15:27"}
{"met":[0.651354849338531,1.13999185525487e-12,0.302940726280212,0,0.560504496097565,0,0.298657476902008],"sid":"36224858-7f2a-4da5-b8a6-539d894816bc","time":1745.27429199219,"level":"info","message":"","timestamp":"09:15:28"}
{"met":[0.651354849338531,1.13999185525487e-12,0.302940726280212,0,0.560504496097565,0,0.298657476902008],"sid":"36224858-7f2a-4da5-b8a6-539d894816bc","time":1745.77868652344,"level":"info","message":"","timestamp":"09:15:28"}
{"met":[0.651354849338531,1.13999185525487e-12,0.302940726280212,0,0.560504496097565,0,0.298657476902008],"sid":"36224858-7f2a-4da5-b8a6-539d894816bc","time":1746.28295898438,"level":"info","message":"","timestamp":"09:15:29"}
{"met":[0.651354849338531,1.13999185525487e-12,0.302940726280212,0,0.560504496097565,0,0.298657476902008],"sid":"36224858-7f2a-4da5-b8a6-539d894816bc","time":1746.78735351563,"level":"info","message":"","timestamp":"09:15:29"}
{"met":[0.651354849338531,1.13999185525487e-12,0.302940726280212,0,0.560504496097565,0,0.298657476902008],"sid":"36224858-7f2a-4da5-b8a6-539d894816bc","time":1747.29162597656,"level":"info","message":"","timestamp":"09:15:30"}
{"met":[0.651354849338531,1.13999185525487e-12,0.302940726280212,0,0.560504496097565,0,0.298657476902008],"sid":"36224858-7f2a-4da5-b8a6-539d894816bc","time":1747.79602050781,"level":"info","message":"","timestamp":"09:15:30"}
{"met":[0.651354849338531,1.13999185525487e-12,0.302940726280212,0,0.560504496097565,0,0.298657476902008],"sid":"36224858-7f2a-4da5-b8a6-539d894816bc","time":1748.30029296875,"level":"info","message":"","timestamp":"09:15:31"}
{"met":[0.651354849338531,1.13999185525487e-12,0.302940726280212,0,0.560504496097565,0,0.298657476902008],"sid":"36224858-7f2a-4da5-b8a6-539d894816bc","time":1748.8046875,"level":"info","message":"","timestamp":"09:15:31"}
{"met":[0.651354849338531,1.13999185525487e-12,0.302940726280212,0,0.560504496097565,0,0.298657476902008],"sid":"36224858-7f2a-4da5-b8a6-539d894816bc","time":1749.30908203125,"level":"info","message":"","timestamp":"09:15:32"}
{"met":[0.651354849338531,1.13999185525487e-12,0.302940726280212,0,0.560504496097565,0,0.298657476902008],"sid":"36224858-7f2a-4da5-b8a6-539d894816bc","time":1749.81335449219,"level":"info","message":"","timestamp":"09:15:32"}
{"met":[0.651354849338531,1.13999185525487e-12,0.302940726280212,0,0.560504496097565,0,0.298657476902008],"sid":"36224858-7f2a-4da5-b8a6-539d894816bc","time":1750.31762695313,"level":"info","message":"","timestamp":"09:15:33"}
{"met":[0.651354849338531,1.13999185525487e-12,0.302940726280212,0,0.560504496097565,0,0.298657476902008],"sid":"36224858-7f2a-4da5-b8a6-539d894816bc","time":1750.69592285156,"level":"info","message":"","timestamp":"09:15:33"}
{"met":[0.651354849338531,1.13999185525487e-12,0.302940726280212,0,0.560504496097565,0,0.298657476902008],"sid":"36224858-7f2a-4da5-b8a6-539d894816bc","time":1751.20031738281,"level":"info","message":"","timestamp":"09:15:34"}
{"met":[0.651354849338531,1.13999185525487e-12,0.302940726280212,0,0.560504496097565,0,0.298657476902008],"sid":"36224858-7f2a-4da5-b8a6-539d894816bc","time":1751.70471191406,"level":"info","message":"","timestamp":"09:15:34"}
{"met":[0.651354849338531,1.13999185525487e-12,0.302940726280212,0,0.560504496097565,0,0.298657476902008],"sid":"36224858-7f2a-4da5-b8a6-539d894816bc","time":1752.208984375,"level":"info","message":"","timestamp":"09:15:35"}
